<?xml version='1.0' standalone='yes' ?>
<LVData xmlns="http://www.ni.com/LVData">
<Version>19.0</Version>
<Cluster>
<Name>TrajCreateConfig</Name>
<NumElts>7</NumElts>
<Path>
<Name>Write Config File Name</Name>
<Val>C:\Shares\github\FRC_LV_TrajLib_Util_and_Samp\FRC_Traj_Test\test-programs\Test-00-way.xml</Val>
</Path>
<String>
<Name>Write Config File Comment</Name>
<Val>Test - Zero Way</Val>
</String>
<Array>
<Name>WayPoints</Name>
<Dimsize>2</Dimsize>
<Cluster>
<Name>UTIL_WEIGHTED_WAYPOINT</Name>
<NumElts>4</NumElts>
<DBL>
<Name>X</Name>
<Val>1.99999600000000</Val>
</DBL>
<DBL>
<Name>Y</Name>
<Val>1.99999600000000</Val>
</DBL>
<DBL>
<Name>ANGLE</Name>
<Val>0.00000000000000</Val>
</DBL>
<DBL>
<Name>WEIGHT</Name>
<Val>0.00000000000000</Val>
</DBL>
</Cluster>
<Cluster>
<Name>UTIL_WEIGHTED_WAYPOINT</Name>
<NumElts>4</NumElts>
<DBL>
<Name>X</Name>
<Val>4.00000000100000</Val>
</DBL>
<DBL>
<Name>Y</Name>
<Val>4.00000000100000</Val>
</DBL>
<DBL>
<Name>ANGLE</Name>
<Val>1.57079632679490</Val>
</DBL>
<DBL>
<Name>WEIGHT</Name>
<Val>0.00000000000000</Val>
</DBL>
</Cluster>
</Array>
<Cluster>
<Name>TRAJECTORY_CONFIG</Name>
<NumElts>15</NumElts>
<DBL>
<Name>MaxVelocity</Name>
<Val>2.00000000050000</Val>
</DBL>
<DBL>
<Name>Max Acceleration</Name>
<Val>2.00000000050000</Val>
</DBL>
<DBL>
<Name>StartVelocity</Name>
<Val>0.00000000000000</Val>
</DBL>
<DBL>
<Name>End Velocity</Name>
<Val>0.00000000000000</Val>
</DBL>
<Boolean>
<Name>Reversed</Name>
<Val>0</Val>
</Boolean>
<Boolean>
<Name>DiffDrKineConstntDefined</Name>
<Val>1</Val>
</Boolean>
<Boolean>
<Name>CentAcellConstntDefined</Name>
<Val>0</Val>
</Boolean>
<Boolean>
<Name>DiffDrVoltConstntDefined</Name>
<Val>0</Val>
</Boolean>
<Cluster>
<Name>DIFF_DRIVE_KINE_CONSTRAINT</Name>
<NumElts>2</NumElts>
<DBL>
<Name>Max Speed (M/S)</Name>
<Val>2.00000000050000</Val>
</DBL>
<Cluster>
<Name>DIFF_DRIVE_KINEMATICS</Name>
<NumElts>1</NumElts>
<DBL>
<Name>TrackWidth_Meters</Name>
<Val>0.52999640000000</Val>
</DBL>
</Cluster>
</Cluster>
<Cluster>
<Name>CENTRIPETAL_ACCEL_CONSTRAINT</Name>
<NumElts>1</NumElts>
<DBL>
<Name>Max Cent Accel</Name>
<Val>0.00000000000000</Val>
</DBL>
</Cluster>
<Boolean>
<Name>SwerveDrKineConstntDefined</Name>
<Val>0</Val>
</Boolean>
<Cluster>
<Name>SWERVE_DRIVE_KINE_CONSTRAINT</Name>
<NumElts>2</NumElts>
<DBL>
<Name>Max Speed (M/S)</Name>
<Val>0.00000000000000</Val>
</DBL>
<Cluster>
<Name>SwerveKinematics</Name>
<NumElts>5</NumElts>
<I32>
<Name>NumModules</Name>
<Val>0</Val>
</I32>
<Array>
<Name>InverseKinematics</Name>
<Dimsize>0</Dimsize>
<Dimsize>0</Dimsize>
<DBL>
<Name>Real Matrix Element</Name>
<Val></Val>
</DBL>
</Array>
<Array>
<Name>ForwardKinematics</Name>
<Dimsize>0</Dimsize>
<Dimsize>0</Dimsize>
<DBL>
<Name>Real Matrix Element</Name>
<Val></Val>
</DBL>
</Array>
<Array>
<Name>Modules</Name>
<Dimsize>0</Dimsize>
<Cluster>
<Name>TRANSLATION</Name>
<NumElts>2</NumElts>
<DBL>
<Name>X</Name>
<Val></Val>
</DBL>
<DBL>
<Name>Y</Name>
<Val></Val>
</DBL>
</Cluster>
</Array>
<Cluster>
<Name>PrevCoR</Name>
<NumElts>2</NumElts>
<DBL>
<Name>X</Name>
<Val>0.00000000000000</Val>
</DBL>
<DBL>
<Name>Y</Name>
<Val>0.00000000000000</Val>
</DBL>
</Cluster>
</Cluster>
</Cluster>
<Cluster>
<Name>DIFF_DRIVE_VOLTAGE_CONSTRAINT</Name>
<NumElts>3</NumElts>
<DBL>
<Name>Max Voltage</Name>
<Val>0.00000000000000</Val>
</DBL>
<Cluster>
<Name>DIFF_DRIVE_KINEMATICS</Name>
<NumElts>1</NumElts>
<DBL>
<Name>TrackWidth_Meters</Name>
<Val>0.00000000000000</Val>
</DBL>
</Cluster>
<Cluster>
<Name>SIMPLE_MOTOR_FF</Name>
<NumElts>3</NumElts>
<DBL>
<Name>Ks</Name>
<Val>0.00000000000000</Val>
</DBL>
<DBL>
<Name>Kv</Name>
<Val>0.00000000000000</Val>
</DBL>
<DBL>
<Name>Ka</Name>
<Val>0.00000000000000</Val>
</DBL>
</Cluster>
</Cluster>
<Cluster>
<Name>MECANUM_DRIVE_KINE_CONSTRAINT</Name>
<NumElts>2</NumElts>
<DBL>
<Name>Max Speed (M/S)</Name>
<Val>0.00000000000000</Val>
</DBL>
<Cluster>
<Name>MECA_DRIVE_KINEMATICS</Name>
<NumElts>7</NumElts>
<Cluster>
<Name>FrontLeft</Name>
<NumElts>2</NumElts>
<DBL>
<Name>X</Name>
<Val>0.00000000000000</Val>
</DBL>
<DBL>
<Name>Y</Name>
<Val>0.00000000000000</Val>
</DBL>
</Cluster>
<Cluster>
<Name>FrontRight</Name>
<NumElts>2</NumElts>
<DBL>
<Name>X</Name>
<Val>0.00000000000000</Val>
</DBL>
<DBL>
<Name>Y</Name>
<Val>0.00000000000000</Val>
</DBL>
</Cluster>
<Cluster>
<Name>RearLeft</Name>
<NumElts>2</NumElts>
<DBL>
<Name>X</Name>
<Val>0.00000000000000</Val>
</DBL>
<DBL>
<Name>Y</Name>
<Val>0.00000000000000</Val>
</DBL>
</Cluster>
<Cluster>
<Name>RearRight</Name>
<NumElts>2</NumElts>
<DBL>
<Name>X</Name>
<Val>0.00000000000000</Val>
</DBL>
<DBL>
<Name>Y</Name>
<Val>0.00000000000000</Val>
</DBL>
</Cluster>
<Array>
<Name>InverseKinematics</Name>
<Dimsize>4</Dimsize>
<Dimsize>4</Dimsize>
<DBL>
<Name>Real Matrix Element</Name>
<Val>0.00000000000000</Val>
</DBL>
<DBL>
<Name>Real Matrix Element</Name>
<Val>1.00000000000000</Val>
</DBL>
<DBL>
<Name>Real Matrix Element</Name>
<Val>-1.00000000000000</Val>
</DBL>
<DBL>
<Name>Real Matrix Element</Name>
<Val>0.00000000000000</Val>
</DBL>
<DBL>
<Name>Real Matrix Element</Name>
<Val>0.00000000000000</Val>
</DBL>
<DBL>
<Name>Real Matrix Element</Name>
<Val>1.00000000000000</Val>
</DBL>
<DBL>
<Name>Real Matrix Element</Name>
<Val>1.00000000000000</Val>
</DBL>
<DBL>
<Name>Real Matrix Element</Name>
<Val>0.00000000000000</Val>
</DBL>
<DBL>
<Name>Real Matrix Element</Name>
<Val>0.00000000000000</Val>
</DBL>
<DBL>
<Name>Real Matrix Element</Name>
<Val>1.00000000000000</Val>
</DBL>
<DBL>
<Name>Real Matrix Element</Name>
<Val>1.00000000000000</Val>
</DBL>
<DBL>
<Name>Real Matrix Element</Name>
<Val>0.00000000000000</Val>
</DBL>
<DBL>
<Name>Real Matrix Element</Name>
<Val>0.00000000000000</Val>
</DBL>
<DBL>
<Name>Real Matrix Element</Name>
<Val>1.00000000000000</Val>
</DBL>
<DBL>
<Name>Real Matrix Element</Name>
<Val>-1.00000000000000</Val>
</DBL>
<DBL>
<Name>Real Matrix Element</Name>
<Val>0.00000000000000</Val>
</DBL>
</Array>
<Array>
<Name>ForwardKinematics</Name>
<Dimsize>4</Dimsize>
<Dimsize>4</Dimsize>
<DBL>
<Name>Real Matrix Element</Name>
<Val>0.00000000000000</Val>
</DBL>
<DBL>
<Name>Real Matrix Element</Name>
<Val>1.00000000000000</Val>
</DBL>
<DBL>
<Name>Real Matrix Element</Name>
<Val>-1.00000000000000</Val>
</DBL>
<DBL>
<Name>Real Matrix Element</Name>
<Val>0.00000000000000</Val>
</DBL>
<DBL>
<Name>Real Matrix Element</Name>
<Val>0.00000000000000</Val>
</DBL>
<DBL>
<Name>Real Matrix Element</Name>
<Val>1.00000000000000</Val>
</DBL>
<DBL>
<Name>Real Matrix Element</Name>
<Val>1.00000000000000</Val>
</DBL>
<DBL>
<Name>Real Matrix Element</Name>
<Val>0.00000000000000</Val>
</DBL>
<DBL>
<Name>Real Matrix Element</Name>
<Val>0.00000000000000</Val>
</DBL>
<DBL>
<Name>Real Matrix Element</Name>
<Val>1.00000000000000</Val>
</DBL>
<DBL>
<Name>Real Matrix Element</Name>
<Val>1.00000000000000</Val>
</DBL>
<DBL>
<Name>Real Matrix Element</Name>
<Val>0.00000000000000</Val>
</DBL>
<DBL>
<Name>Real Matrix Element</Name>
<Val>0.00000000000000</Val>
</DBL>
<DBL>
<Name>Real Matrix Element</Name>
<Val>1.00000000000000</Val>
</DBL>
<DBL>
<Name>Real Matrix Element</Name>
<Val>-1.00000000000000</Val>
</DBL>
<DBL>
<Name>Real Matrix Element</Name>
<Val>0.00000000000000</Val>
</DBL>
</Array>
<Cluster>
<Name>PrevCoR</Name>
<NumElts>2</NumElts>
<DBL>
<Name>X</Name>
<Val>0.00000000000000</Val>
</DBL>
<DBL>
<Name>Y</Name>
<Val>0.00000000000000</Val>
</DBL>
</Cluster>
</Cluster>
</Cluster>
<Boolean>
<Name>MecanumDrKineConstntDefined</Name>
<Val>0</Val>
</Boolean>
</Cluster>
<Boolean>
<Name>IsCubic</Name>
<Val>1</Val>
</Boolean>
<EW>
<Name>Units Selector</Name>
<Choice>Inches</Choice>
<Choice>Feet</Choice>
<Choice>Centimeters</Choice>
<Choice>Meters</Choice>
<Val>0</Val>
</EW>
<Boolean>
<Name>UseWeights</Name>
<Val>0</Val>
</Boolean>
</Cluster>
</LVData>